#
# There is insufficient memory for the Java Runtime Environment to continue.
# Native memory allocation (malloc) failed to allocate 122736 bytes for Chunk::new
# Possible reasons:
#   The system is out of physical RAM or swap space
#   The process is running with CompressedOops enabled, and the Java Heap may be blocking the growth of the native heap
# Possible solutions:
#   Reduce memory load on the system
#   Increase physical memory or swap space
#   Check if swap backing store is full
#   Decrease Java heap size (-Xmx/-Xms)
#   Decrease number of Java threads
#   Decrease Java thread stack sizes (-Xss)
#   Set larger code cache with -XX:ReservedCodeCacheSize=
#   JVM is running with Zero Based Compressed Oops mode in which the Java heap is
#     placed in the first 32GB address space. The Java Heap base address is the
#     maximum limit for the native heap growth. Please use -XX:HeapBaseMinAddress
#     to set the Java Heap base and to place the Java Heap above 32GB virtual address.
# This output file may be truncated or incomplete.
#
#  Out of Memory Error (allocation.cpp:389), pid=20020, tid=0x0000000000006b24
#
# JRE version: Java(TM) SE Runtime Environment (8.0_241-b07) (build 1.8.0_241-b07)
# Java VM: Java HotSpot(TM) 64-Bit Server VM (25.241-b07 mixed mode windows-amd64 compressed oops)
# Failed to write core dump. Minidumps are not enabled by default on client versions of Windows
#

---------------  T H R E A D  ---------------

Current thread (0x000000001a309000):  JavaThread "C2 CompilerThread0" daemon [_thread_in_native, id=27428, stack(0x000000001b990000,0x000000001ba90000)]

Stack: [0x000000001b990000,0x000000001ba90000]
[error occurred during error reporting (printing stack bounds), id 0xc0000005]

Native frames: (J=compiled Java code, j=interpreted, Vv=VM code, C=native code)


Current CompileTask:
C2:  73242 8405   !   4       java.nio.charset.CharsetDecoder::decode (287 bytes)


---------------  P R O C E S S  ---------------

Java Threads: ( => current thread )
  0x0000000021d98000 JavaThread "Cache worker for execution history cache (D:\azstaloska\SecurityAge\.gradle\7.2-20210702220150+0000\executionHistory)" [_thread_blocked, id=4620, stack(0x000000002a590000,0x000000002a690000)]
  0x0000000021d95000 JavaThread "Execution worker for ':' Thread 3" [_thread_blocked, id=25636, stack(0x000000002a490000,0x000000002a590000)]
  0x0000000021d93000 JavaThread "Execution worker for ':' Thread 2" [_thread_blocked, id=7768, stack(0x000000002a390000,0x000000002a490000)]
  0x0000000021d8a000 JavaThread "Execution worker for ':'" [_thread_blocked, id=18824, stack(0x000000002a290000,0x000000002a390000)]
  0x0000000021d97800 JavaThread "Exec process Thread 3" [_thread_in_native, id=7420, stack(0x000000002ae60000,0x000000002af60000)]
  0x0000000021d96800 JavaThread "Exec process Thread 2" [_thread_in_native, id=8644, stack(0x000000002aac0000,0x000000002abc0000)]
  0x0000000021d94800 JavaThread "Exec process" [_thread_in_native, id=12132, stack(0x000000002ac00000,0x000000002ad00000)]
  0x0000000021d8f000 JavaThread "Memory manager" [_thread_blocked, id=25548, stack(0x0000000028610000,0x0000000028710000)]
  0x0000000021d8d800 JavaThread "jar transforms Thread 4" [_thread_blocked, id=26708, stack(0x0000000027d10000,0x0000000027e10000)]
  0x0000000021d8c000 JavaThread "jar transforms Thread 3" [_thread_blocked, id=26852, stack(0x0000000027c10000,0x0000000027d10000)]
  0x0000000021d90000 JavaThread "jar transforms Thread 2" [_thread_blocked, id=14408, stack(0x0000000027b10000,0x0000000027c10000)]
  0x0000000021d8b800 JavaThread "Unconstrained build operations Thread 40" [_thread_blocked, id=21512, stack(0x0000000027a10000,0x0000000027b10000)]
  0x0000000021d8a800 JavaThread "Unconstrained build operations Thread 39" [_thread_blocked, id=8896, stack(0x0000000027910000,0x0000000027a10000)]
  0x0000000021d8d000 JavaThread "Unconstrained build operations Thread 38" [_thread_blocked, id=5780, stack(0x0000000027810000,0x0000000027910000)]
  0x0000000021da7800 JavaThread "Unconstrained build operations Thread 37" [_thread_blocked, id=26212, stack(0x0000000027710000,0x0000000027810000)]
  0x0000000021da6800 JavaThread "Unconstrained build operations Thread 36" [_thread_blocked, id=3764, stack(0x0000000027610000,0x0000000027710000)]
  0x0000000021da6000 JavaThread "Unconstrained build operations Thread 35" [_thread_blocked, id=1504, stack(0x0000000027510000,0x0000000027610000)]
  0x0000000021da4800 JavaThread "Unconstrained build operations Thread 34" [_thread_blocked, id=5976, stack(0x0000000027410000,0x0000000027510000)]
  0x0000000021da5000 JavaThread "Unconstrained build operations Thread 33" [_thread_blocked, id=23928, stack(0x0000000027310000,0x0000000027410000)]
  0x0000000021da3800 JavaThread "Unconstrained build operations Thread 32" [_thread_blocked, id=3128, stack(0x0000000027210000,0x0000000027310000)]
  0x0000000021da3000 JavaThread "Unconstrained build operations Thread 31" [_thread_blocked, id=12384, stack(0x0000000027110000,0x0000000027210000)]
  0x0000000021da8000 JavaThread "Unconstrained build operations Thread 30" [_thread_blocked, id=17464, stack(0x0000000027010000,0x0000000027110000)]
  0x0000000021da9000 JavaThread "Unconstrained build operations Thread 29" [_thread_blocked, id=22216, stack(0x0000000026f10000,0x0000000027010000)]
  0x0000000021d9b800 JavaThread "Unconstrained build operations Thread 28" [_thread_blocked, id=5632, stack(0x0000000026e10000,0x0000000026f10000)]
  0x0000000021da2000 JavaThread "Unconstrained build operations Thread 27" [_thread_blocked, id=24544, stack(0x0000000026d10000,0x0000000026e10000)]
  0x0000000021da1800 JavaThread "Unconstrained build operations Thread 26" [_thread_blocked, id=24980, stack(0x0000000026c10000,0x0000000026d10000)]
  0x0000000021d9f000 JavaThread "Unconstrained build operations Thread 25" [_thread_blocked, id=25560, stack(0x0000000026b10000,0x0000000026c10000)]
  0x0000000021d9a000 JavaThread "Unconstrained build operations Thread 24" [_thread_blocked, id=17960, stack(0x0000000026a10000,0x0000000026b10000)]
  0x0000000021d9e800 JavaThread "Unconstrained build operations Thread 23" [_thread_blocked, id=21604, stack(0x0000000026910000,0x0000000026a10000)]
  0x0000000021d9d800 JavaThread "Unconstrained build operations Thread 22" [_thread_blocked, id=26268, stack(0x0000000026810000,0x0000000026910000)]
  0x0000000021d9a800 JavaThread "Unconstrained build operations Thread 21" [_thread_blocked, id=8940, stack(0x0000000026710000,0x0000000026810000)]
  0x0000000021da0800 JavaThread "Unconstrained build operations Thread 20" [_thread_blocked, id=13796, stack(0x0000000026610000,0x0000000026710000)]
  0x0000000021da0000 JavaThread "Unconstrained build operations Thread 19" [_thread_blocked, id=11068, stack(0x0000000026510000,0x0000000026610000)]
  0x0000000021d9d000 JavaThread "Unconstrained build operations Thread 18" [_thread_blocked, id=26812, stack(0x0000000026410000,0x0000000026510000)]
  0x0000000021d9c000 JavaThread "Unconstrained build operations Thread 17" [_thread_blocked, id=7248, stack(0x0000000026310000,0x0000000026410000)]
  0x000000001e5e7800 JavaThread "Unconstrained build operations Thread 16" [_thread_blocked, id=26980, stack(0x0000000026210000,0x0000000026310000)]
  0x000000001e5e6800 JavaThread "Unconstrained build operations Thread 15" [_thread_blocked, id=8932, stack(0x0000000026110000,0x0000000026210000)]
  0x000000001e5e6000 JavaThread "Unconstrained build operations Thread 14" [_thread_blocked, id=27336, stack(0x0000000026010000,0x0000000026110000)]
  0x000000001e5e5000 JavaThread "Unconstrained build operations Thread 13" [_thread_blocked, id=3580, stack(0x0000000025f10000,0x0000000026010000)]
  0x000000001e5dd800 JavaThread "Unconstrained build operations Thread 12" [_thread_blocked, id=25924, stack(0x0000000025e10000,0x0000000025f10000)]
  0x000000001e5e4800 JavaThread "Unconstrained build operations Thread 11" [_thread_blocked, id=18300, stack(0x0000000025d10000,0x0000000025e10000)]
  0x000000001e5e3800 JavaThread "Unconstrained build operations Thread 10" [_thread_blocked, id=24500, stack(0x0000000025c10000,0x0000000025d10000)]
  0x000000001e5dc000 JavaThread "Unconstrained build operations Thread 9" [_thread_blocked, id=19844, stack(0x0000000025b10000,0x0000000025c10000)]
  0x000000001e5e3000 JavaThread "Unconstrained build operations Thread 8" [_thread_blocked, id=27512, stack(0x0000000025a10000,0x0000000025b10000)]
  0x000000001e5e2000 JavaThread "Unconstrained build operations Thread 7" [_thread_blocked, id=27224, stack(0x0000000025910000,0x0000000025a10000)]
  0x000000001e5e1800 JavaThread "Unconstrained build operations Thread 6" [_thread_blocked, id=16284, stack(0x0000000025810000,0x0000000025910000)]
  0x000000001e5e0800 JavaThread "Unconstrained build operations Thread 5" [_thread_blocked, id=1828, stack(0x0000000025710000,0x0000000025810000)]
  0x000000001e5da000 JavaThread "Unconstrained build operations Thread 4" [_thread_blocked, id=27400, stack(0x0000000025610000,0x0000000025710000)]
  0x000000001e5e0000 JavaThread "Unconstrained build operations Thread 3" [_thread_blocked, id=16424, stack(0x0000000025510000,0x0000000025610000)]
  0x000000001e5dd000 JavaThread "Unconstrained build operations Thread 2" [_thread_blocked, id=18788, stack(0x0000000025410000,0x0000000025510000)]
  0x000000001e5db800 JavaThread "Unconstrained build operations" [_thread_blocked, id=25272, stack(0x0000000025310000,0x0000000025410000)]
  0x000000001e5d8800 JavaThread "Cache worker for Build Output Cleanup Cache (D:\azstaloska\SecurityAge\.gradle\buildOutputCleanup)" [_thread_blocked, id=5916, stack(0x0000000024dd0000,0x0000000024ed0000)]
  0x000000001e5d9000 JavaThread "Cache worker for file content cache (C:\Users\farka\.gradle\caches\7.2-20210702220150+0000\fileContent)" [_thread_blocked, id=25628, stack(0x0000000024cd0000,0x0000000024dd0000)]
  0x000000001e5de800 JavaThread "jar transforms" [_thread_blocked, id=23804, stack(0x0000000024bd0000,0x0000000024cd0000)]
  0x000000001e5da800 JavaThread "Cache worker for dependencies-accessors (D:\azstaloska\SecurityAge\.gradle\7.2-20210702220150+0000\dependencies-accessors)" [_thread_blocked, id=20660, stack(0x00000000246d0000,0x00000000247d0000)]
  0x000000001dd9a000 JavaThread "Cache worker for execution history cache (C:\Users\farka\.gradle\caches\7.2-20210702220150+0000\executionHistory)" [_thread_blocked, id=27296, stack(0x0000000023fd0000,0x00000000240d0000)]
  0x000000001dd9c800 JavaThread "Cache worker for cache directory md-rule (C:\Users\farka\.gradle\caches\7.2-20210702220150+0000\md-rule)" [_thread_blocked, id=11528, stack(0x0000000023ed0000,0x0000000023fd0000)]
  0x000000001dd99800 JavaThread "Cache worker for cache directory md-supplier (C:\Users\farka\.gradle\caches\7.2-20210702220150+0000\md-supplier)" [_thread_blocked, id=9872, stack(0x0000000022c00000,0x0000000022d00000)]
  0x000000001dd9b800 JavaThread "Cache worker for checksums cache (D:\azstaloska\SecurityAge\.gradle\checksums)" [_thread_blocked, id=8744, stack(0x0000000022b00000,0x0000000022c00000)]
  0x000000001dd98800 JavaThread "File watcher consumer" daemon [_thread_blocked, id=18796, stack(0x0000000022710000,0x0000000022810000)]
  0x000000001dd9f800 JavaThread "File watcher server" daemon [_thread_in_native, id=24824, stack(0x00000000215a0000,0x00000000216a0000)]
  0x000000001dd9b000 JavaThread "Cache worker for file hash cache (D:\azstaloska\SecurityAge\.gradle\7.2-20210702220150+0000\fileHashes)" [_thread_blocked, id=26224, stack(0x00000000214a0000,0x00000000215a0000)]
  0x000000001dd9e800 JavaThread "Cache worker for file hash cache (C:\Users\farka\.gradle\caches\7.2-20210702220150+0000\fileHashes)" [_thread_blocked, id=13240, stack(0x00000000210a0000,0x00000000211a0000)]
  0x000000001dd9d000 JavaThread "File lock request listener" [_thread_in_native, id=25396, stack(0x0000000020fa0000,0x00000000210a0000)]
  0x000000001dd9e000 JavaThread "Cache worker for journal cache (C:\Users\farka\.gradle\caches\journal-1)" [_thread_blocked, id=27500, stack(0x0000000020ea0000,0x0000000020fa0000)]
  0x000000001a338000 JavaThread "Daemon client event forwarder" [_thread_blocked, id=25164, stack(0x000000001fbd0000,0x000000001fcd0000)]
  0x000000001ca58800 JavaThread "Stdin handler" [_thread_blocked, id=11024, stack(0x000000001fad0000,0x000000001fbd0000)]
  0x000000001ca57800 JavaThread "Asynchronous log dispatcher for DefaultDaemonConnection: socket connection from /127.0.0.1:1067 to /127.0.0.1:1068" [_thread_in_native, id=22744, stack(0x000000001f9d0000,0x000000001fad0000)]
  0x000000001d328000 JavaThread "Daemon worker" [_thread_blocked, id=22900, stack(0x000000001f8d0000,0x000000001f9d0000)]
  0x000000001d327000 JavaThread "Cancel handler" [_thread_blocked, id=25324, stack(0x000000001f7d0000,0x000000001f8d0000)]
  0x000000001cc93000 JavaThread "Handler for socket connection from /127.0.0.1:1067 to /127.0.0.1:1068" [_thread_in_native, id=22572, stack(0x000000001f6d0000,0x000000001f7d0000)]
  0x000000001d447800 JavaThread "Daemon" [_thread_blocked, id=5996, stack(0x000000001f5d0000,0x000000001f6d0000)]
  0x000000001dd1e000 JavaThread "Daemon periodic checks" [_thread_blocked, id=25964, stack(0x000000001f2d0000,0x000000001f3d0000)]
  0x000000001dd1c800 JavaThread "Incoming local TCP Connector on port 1067" [_thread_in_native, id=100, stack(0x000000001f070000,0x000000001f170000)]
  0x000000001da5d000 JavaThread "Daemon health stats" [_thread_blocked, id=24016, stack(0x000000001ec30000,0x000000001ed30000)]
  0x000000001bcc0800 JavaThread "Service Thread" daemon [_thread_blocked, id=12656, stack(0x000000001c090000,0x000000001c190000)]
  0x000000001a31b800 JavaThread "C1 CompilerThread2" daemon [_thread_blocked, id=1532, stack(0x000000001bb90000,0x000000001bc90000)]
  0x000000001a30e000 JavaThread "C2 CompilerThread1" daemon [_thread_blocked, id=21580, stack(0x000000001ba90000,0x000000001bb90000)]
=>0x000000001a309000 JavaThread "C2 CompilerThread0" daemon [_thread_in_native, id=27428, stack(0x000000001b990000,0x000000001ba90000)]
  0x000000001a307000 JavaThread "Attach Listener" daemon [_thread_blocked, id=27604, stack(0x000000001b890000,0x000000001b990000)]
  0x000000001a306000 JavaThread "Signal Dispatcher" daemon [_thread_blocked, id=27432, stack(0x000000001b790000,0x000000001b890000)]
  0x000000000318c000 JavaThread "Finalizer" daemon [_thread_blocked, id=22764, stack(0x000000001b580000,0x000000001b680000)]
  0x000000001a2ea000 JavaThread "Reference Handler" daemon [_thread_blocked, id=8404, stack(0x000000001b480000,0x000000001b580000)]
  0x0000000003093000 JavaThread "main" [_thread_blocked, id=2008, stack(0x0000000002f90000,0x0000000003090000)]

Other Threads:
  0x000000001a2c8000 VMThread [stack: 0x000000001b380000,0x000000001b480000] [id=1920]
  0x000000001bce8000 WatcherThread [stack: 0x000000001c190000,0x000000001c290000] [id=11972]

VM state:not at safepoint (normal execution)

VM Mutex/Monitor currently owned by a thread: None

heap address: 0x0000000700000000, size: 3072 MB, Compressed Oops mode: Zero based, Oop shift amount: 3
Narrow klass base: 0x0000000000000000, Narrow klass shift: 3
Compressed class space size: 1073741824 Address: 0x00000007c0000000

Heap:
 PSYoungGen      total 381952K, used 143741K [0x0000000780000000, 0x0000000799800000, 0x00000007c0000000)
  eden space 372736K, 36% used [0x0000000780000000,0x00000007883964f0,0x0000000796c00000)
  from space 9216K, 97% used [0x0000000798f00000,0x00000007997c9068,0x0000000799800000)
  to   space 22528K, 0% used [0x0000000796c00000,0x0000000796c00000,0x0000000798200000)
 ParOldGen       total 456192K, used 30193K [0x0000000700000000, 0x000000071bd80000, 0x0000000780000000)
  object space 456192K, 6% used [0x0000000700000000,0x0000000701d7c718,0x000000071bd80000)
 Metaspace       used 65352K, capacity 69186K, committed 69504K, reserved 1110016K
  class space    used 9077K, capacity 9761K, committed 9856K, reserved 1048576K

Card table byte_map: [0x0000000012550000,0x0000000012b60000] byte_map_base: 0x000000000ed50000

Marking Bits: (ParMarkBitMap*) 0x00000000631fbe30
 Begin Bits: [0x0000000013360000, 0x0000000016360000)
 End Bits:   [0x0000000016360000, 0x0000000019360000)

Polling page: 0x0000000002cf0000

CodeCache: size=245760Kb used=24393Kb max_used=24407Kb free=221366Kb
 bounds [0x0000000003190000, 0x0000000004980000, 0x0000000012190000]
 total_blobs=8138 nmethods=7312 adapters=737
 compilation: enabled

Compilation events (10 events):
Event: 73.175 Thread 0x000000001a309000 8401       4       org.gradle.internal.logging.text.AbstractLineChoppingStyledTextOutput$2::execute (73 bytes)
Event: 73.176 Thread 0x000000001a30e000 nmethod 8400 0x000000000497b2d0 code [0x000000000497b440, 0x000000000497b828]
Event: 73.178 Thread 0x000000001a309000 nmethod 8401 0x0000000004975250 code [0x00000000049753c0, 0x0000000004975628]
Event: 73.200 Thread 0x000000001a30e000 8402       4       org.gradle.internal.event.BroadcastDispatch$SingletonDispatch::dispatch (9 bytes)
Event: 73.201 Thread 0x000000001a309000 8403       4       org.gradle.internal.dispatch.ReflectionDispatch::dispatch (9 bytes)
Event: 73.204 Thread 0x000000001a30e000 nmethod 8402 0x000000000497d210 code [0x000000000497d3c0, 0x000000000497d788]
Event: 73.204 Thread 0x000000001a30e000 8404   !   4       sun.reflect.GeneratedMethodAccessor1::invoke (68 bytes)
Event: 73.204 Thread 0x000000001a309000 nmethod 8403 0x0000000004977210 code [0x00000000049773a0, 0x0000000004977668]
Event: 73.205 Thread 0x000000001a30e000 nmethod 8404 0x0000000004976d50 code [0x0000000004976ea0, 0x0000000004977038]
Event: 73.237 Thread 0x000000001a309000 8405   !   4       java.nio.charset.CharsetDecoder::decode (287 bytes)

GC Heap History (10 events):
Event: 13.244 GC heap before
{Heap before GC invocations=7 (full 2):
 PSYoungGen      total 224768K, used 203264K [0x0000000780000000, 0x0000000790080000, 0x00000007c0000000)
  eden space 203264K, 100% used [0x0000000780000000,0x000000078c680000,0x000000078c680000)
  from space 21504K, 0% used [0x000000078db80000,0x000000078db80000,0x000000078f080000)
  to   space 21504K, 0% used [0x000000078c680000,0x000000078c680000,0x000000078db80000)
 ParOldGen       total 321536K, used 15221K [0x0000000700000000, 0x0000000713a00000, 0x0000000780000000)
  object space 321536K, 4% used [0x0000000700000000,0x0000000700edd638,0x0000000713a00000)
 Metaspace       used 44728K, capacity 46814K, committed 46976K, reserved 1089536K
  class space    used 6257K, capacity 6705K, committed 6784K, reserved 1048576K
Event: 13.269 GC heap after
Heap after GC invocations=7 (full 2):
 PSYoungGen      total 224768K, used 14040K [0x0000000780000000, 0x0000000793880000, 0x00000007c0000000)
  eden space 203264K, 0% used [0x0000000780000000,0x0000000780000000,0x000000078c680000)
  from space 21504K, 65% used [0x000000078c680000,0x000000078d4360f0,0x000000078db80000)
  to   space 17408K, 0% used [0x0000000792780000,0x0000000792780000,0x0000000793880000)
 ParOldGen       total 321536K, used 15229K [0x0000000700000000, 0x0000000713a00000, 0x0000000780000000)
  object space 321536K, 4% used [0x0000000700000000,0x0000000700edf638,0x0000000713a00000)
 Metaspace       used 44728K, capacity 46814K, committed 46976K, reserved 1089536K
  class space    used 6257K, capacity 6705K, committed 6784K, reserved 1048576K
}
Event: 17.272 GC heap before
{Heap before GC invocations=8 (full 2):
 PSYoungGen      total 224768K, used 217304K [0x0000000780000000, 0x0000000793880000, 0x00000007c0000000)
  eden space 203264K, 100% used [0x0000000780000000,0x000000078c680000,0x000000078c680000)
  from space 21504K, 65% used [0x000000078c680000,0x000000078d4360f0,0x000000078db80000)
  to   space 17408K, 0% used [0x0000000792780000,0x0000000792780000,0x0000000793880000)
 ParOldGen       total 321536K, used 15229K [0x0000000700000000, 0x0000000713a00000, 0x0000000780000000)
  object space 321536K, 4% used [0x0000000700000000,0x0000000700edf638,0x0000000713a00000)
 Metaspace       used 54364K, capacity 57202K, committed 57344K, reserved 1097728K
  class space    used 7600K, capacity 8163K, committed 8192K, reserved 1048576K
Event: 17.293 GC heap after
Heap after GC invocations=8 (full 2):
 PSYoungGen      total 295936K, used 17397K [0x0000000780000000, 0x0000000793b00000, 0x00000007c0000000)
  eden space 278528K, 0% used [0x0000000780000000,0x0000000780000000,0x0000000791000000)
  from space 17408K, 99% used [0x0000000792780000,0x000000079387d510,0x0000000793880000)
  to   space 22016K, 0% used [0x0000000791000000,0x0000000791000000,0x0000000792580000)
 ParOldGen       total 321536K, used 18835K [0x0000000700000000, 0x0000000713a00000, 0x0000000780000000)
  object space 321536K, 5% used [0x0000000700000000,0x0000000701264ce8,0x0000000713a00000)
 Metaspace       used 54364K, capacity 57202K, committed 57344K, reserved 1097728K
  class space    used 7600K, capacity 8163K, committed 8192K, reserved 1048576K
}
Event: 18.712 GC heap before
{Heap before GC invocations=9 (full 2):
 PSYoungGen      total 295936K, used 128152K [0x0000000780000000, 0x0000000793b00000, 0x00000007c0000000)
  eden space 278528K, 39% used [0x0000000780000000,0x0000000786c28eb0,0x0000000791000000)
  from space 17408K, 99% used [0x0000000792780000,0x000000079387d510,0x0000000793880000)
  to   space 22016K, 0% used [0x0000000791000000,0x0000000791000000,0x0000000792580000)
 ParOldGen       total 321536K, used 18835K [0x0000000700000000, 0x0000000713a00000, 0x0000000780000000)
  object space 321536K, 5% used [0x0000000700000000,0x0000000701264ce8,0x0000000713a00000)
 Metaspace       used 56043K, capacity 58972K, committed 59008K, reserved 1099776K
  class space    used 7754K, capacity 8320K, committed 8320K, reserved 1048576K
Event: 18.728 GC heap after
Heap after GC invocations=9 (full 2):
 PSYoungGen      total 300544K, used 16668K [0x0000000780000000, 0x000000079a500000, 0x00000007c0000000)
  eden space 278528K, 0% used [0x0000000780000000,0x0000000780000000,0x0000000791000000)
  from space 22016K, 75% used [0x0000000791000000,0x0000000792047160,0x0000000792580000)
  to   space 22528K, 0% used [0x0000000798f00000,0x0000000798f00000,0x000000079a500000)
 ParOldGen       total 321536K, used 18907K [0x0000000700000000, 0x0000000713a00000, 0x0000000780000000)
  object space 321536K, 5% used [0x0000000700000000,0x0000000701276cf8,0x0000000713a00000)
 Metaspace       used 56043K, capacity 58972K, committed 59008K, reserved 1099776K
  class space    used 7754K, capacity 8320K, committed 8320K, reserved 1048576K
}
Event: 18.728 GC heap before
{Heap before GC invocations=10 (full 3):
 PSYoungGen      total 300544K, used 16668K [0x0000000780000000, 0x000000079a500000, 0x00000007c0000000)
  eden space 278528K, 0% used [0x0000000780000000,0x0000000780000000,0x0000000791000000)
  from space 22016K, 75% used [0x0000000791000000,0x0000000792047160,0x0000000792580000)
  to   space 22528K, 0% used [0x0000000798f00000,0x0000000798f00000,0x000000079a500000)
 ParOldGen       total 321536K, used 18907K [0x0000000700000000, 0x0000000713a00000, 0x0000000780000000)
  object space 321536K, 5% used [0x0000000700000000,0x0000000701276cf8,0x0000000713a00000)
 Metaspace       used 56043K, capacity 58972K, committed 59008K, reserved 1099776K
  class space    used 7754K, capacity 8320K, committed 8320K, reserved 1048576K
Event: 18.916 GC heap after
Heap after GC invocations=10 (full 3):
 PSYoungGen      total 300544K, used 0K [0x0000000780000000, 0x000000079a500000, 0x00000007c0000000)
  eden space 278528K, 0% used [0x0000000780000000,0x0000000780000000,0x0000000791000000)
  from space 22016K, 0% used [0x0000000791000000,0x0000000791000000,0x0000000792580000)
  to   space 22528K, 0% used [0x0000000798f00000,0x0000000798f00000,0x000000079a500000)
 ParOldGen       total 456192K, used 30185K [0x0000000700000000, 0x000000071bd80000, 0x0000000780000000)
  object space 456192K, 6% used [0x0000000700000000,0x0000000701d7a718,0x000000071bd80000)
 Metaspace       used 56043K, capacity 58972K, committed 59008K, reserved 1099776K
  class space    used 7754K, capacity 8320K, committed 8320K, reserved 1048576K
}
Event: 21.123 GC heap before
{Heap before GC invocations=11 (full 3):
 PSYoungGen      total 300544K, used 278528K [0x0000000780000000, 0x000000079a500000, 0x00000007c0000000)
  eden space 278528K, 100% used [0x0000000780000000,0x0000000791000000,0x0000000791000000)
  from space 22016K, 0% used [0x0000000791000000,0x0000000791000000,0x0000000792580000)
  to   space 22528K, 0% used [0x0000000798f00000,0x0000000798f00000,0x000000079a500000)
 ParOldGen       total 456192K, used 30185K [0x0000000700000000, 0x000000071bd80000, 0x0000000780000000)
  object space 456192K, 6% used [0x0000000700000000,0x0000000701d7a718,0x000000071bd80000)
 Metaspace       used 62352K, capacity 65824K, committed 65920K, reserved 1105920K
  class space    used 8665K, capacity 9306K, committed 9344K, reserved 1048576K
Event: 21.137 GC heap after
Heap after GC invocations=11 (full 3):
 PSYoungGen      total 381952K, used 8996K [0x0000000780000000, 0x0000000799800000, 0x00000007c0000000)
  eden space 372736K, 0% used [0x0000000780000000,0x0000000780000000,0x0000000796c00000)
  from space 9216K, 97% used [0x0000000798f00000,0x00000007997c9068,0x0000000799800000)
  to   space 22528K, 0% used [0x0000000796c00000,0x0000000796c00000,0x0000000798200000)
 ParOldGen       total 456192K, used 30193K [0x0000000700000000, 0x000000071bd80000, 0x0000000780000000)
  object space 456192K, 6% used [0x0000000700000000,0x0000000701d7c718,0x000000071bd80000)
 Metaspace       used 62352K, capacity 65824K, committed 65920K, reserved 1105920K
  class space    used 8665K, capacity 9306K, committed 9344K, reserved 1048576K
}

Deoptimization events (10 events):
Event: 22.026 Thread 0x0000000021d95000 Uncommon trap: reason=unstable_if action=reinterpret pc=0x00000000040b8c10 method=java.lang.Class.arrayContentsEq([Ljava/lang/Object;[Ljava/lang/Object;)Z @ 1
Event: 22.063 Thread 0x0000000021d95000 Uncommon trap: reason=unstable_if action=reinterpret pc=0x000000000481b6f4 method=org.apache.commons.io.IOUtils.contentEquals(Ljava/io/InputStream;Ljava/io/InputStream;)Z @ 50
Event: 22.619 Thread 0x0000000021d95000 Uncommon trap: reason=class_check action=maybe_recompile pc=0x00000000048b8dc0 method=org.gradle.internal.snapshot.FileSystemLocationSnapshot$$Lambda$214/254206814.apply(Ljava/lang/Object;)Ljava/lang/Object; @ 1
Event: 22.619 Thread 0x0000000021d95000 Uncommon trap: reason=class_check action=maybe_recompile pc=0x00000000048b8dc0 method=org.gradle.internal.snapshot.FileSystemLocationSnapshot$$Lambda$214/254206814.apply(Ljava/lang/Object;)Ljava/lang/Object; @ 1
Event: 22.619 Thread 0x0000000021d95000 Uncommon trap: reason=class_check action=maybe_recompile pc=0x00000000048b8dc0 method=org.gradle.internal.snapshot.FileSystemLocationSnapshot$$Lambda$214/254206814.apply(Ljava/lang/Object;)Ljava/lang/Object; @ 1
Event: 22.619 Thread 0x0000000021d95000 Uncommon trap: reason=class_check action=maybe_recompile pc=0x00000000048b8dc0 method=org.gradle.internal.snapshot.FileSystemLocationSnapshot$$Lambda$214/254206814.apply(Ljava/lang/Object;)Ljava/lang/Object; @ 1
Event: 22.645 Thread 0x0000000021d95000 Uncommon trap: reason=unstable_if action=reinterpret pc=0x00000000048cddc0 method=org.gradle.internal.file.DefaultFileHierarchySet$Node.isChildOfOrThis(Ljava/lang/String;I)Z @ 35
Event: 22.711 Thread 0x0000000021d95000 Uncommon trap: reason=unstable_if action=reinterpret pc=0x00000000033f49f8 method=java.util.TreeMap.put(Ljava/lang/Object;Ljava/lang/Object;)Ljava/lang/Object; @ 163
Event: 73.092 Thread 0x0000000021d97800 Uncommon trap: reason=unstable_if action=reinterpret pc=0x00000000042a00fc method=org.gradle.internal.logging.text.AbstractLineChoppingStyledTextOutput$2.execute(Lorg/gradle/internal/logging/text/AbstractLineChoppingStyledTextOutput$StateContext;)V @ 30
Event: 73.093 Thread 0x0000000021d97800 Uncommon trap: reason=unstable_if action=reinterpret pc=0x0000000004106b1c method=org.gradle.internal.logging.text.AbstractLineChoppingStyledTextOutput$2.execute(Lorg/gradle/internal/logging/text/AbstractLineChoppingStyledTextOutput$StateContext;)V @ 30

Classes redefined (0 events):
No events

Internal exceptions (10 events):
Event: 18.941 Thread 0x000000001d328000 Exception <a 'java/lang/ClassNotFoundException': net/minecraftforge/gradle/common/tasks/JarExecCustomizer> (0x0000000780241520) thrown at [C:\ade\jenkins\workspace\8-2-build-windows-amd64-cygwin\jdk8u241\331\hotspot\src\share\vm\classfile\systemDictionary
Event: 18.946 Thread 0x000000001d328000 Exception <a 'java/lang/ClassNotFoundException': net/minecraftforge/gradle/userdev/tasks/RenameJarInPlaceCustomizer> (0x0000000780286e20) thrown at [C:\ade\jenkins\workspace\8-2-build-windows-amd64-cygwin\jdk8u241\331\hotspot\src\share\vm\classfile\system
Event: 18.946 Thread 0x000000001d328000 Exception <a 'java/lang/ClassNotFoundException': net/minecraftforge/gradle/userdev/tasks/RenameJarInPlace_DecoratedCustomizer> (0x00000007802c3a50) thrown at [C:\ade\jenkins\workspace\8-2-build-windows-amd64-cygwin\jdk8u241\331\hotspot\src\share\vm\classf
Event: 20.335 Thread 0x000000001d328000 Exception <a 'java/lang/NoSuchMethodError': java.lang.Object.lambda$static$0(Lorg/gradle/api/internal/tasks/TaskDependencyResolveContext;)V> (0x000000078b4509f0) thrown at [C:\ade\jenkins\workspace\8-2-build-windows-amd64-cygwin\jdk8u241\331\hotspot\src\s
Event: 20.496 Thread 0x0000000021d93000 Exception <a 'java/lang/IncompatibleClassChangeError': Found class java.lang.Object, but interface was expected> (0x000000078c1d59f0) thrown at [C:\ade\jenkins\workspace\8-2-build-windows-amd64-cygwin\jdk8u241\331\hotspot\src\share\vm\interpreter\linkReso
Event: 20.542 Thread 0x0000000021d93000 Exception <a 'java/lang/IncompatibleClassChangeError': Found class java.lang.Object, but interface was expected> (0x000000078c6591c0) thrown at [C:\ade\jenkins\workspace\8-2-build-windows-amd64-cygwin\jdk8u241\331\hotspot\src\share\vm\interpreter\linkReso
Event: 21.656 Thread 0x0000000021d93000 Exception <a 'java/lang/NoSuchMethodError': java.lang.Object.lambda$comparingByKey$bbdbfea9$1(Ljava/util/Map$Entry;Ljava/util/Map$Entry;)I> (0x0000000782d48080) thrown at [C:\ade\jenkins\workspace\8-2-build-windows-amd64-cygwin\jdk8u241\331\hotspot\src\sh
Event: 22.026 Thread 0x0000000021d95000 Implicit null exception at 0x00000000040b8b8c to 0x00000000040b8bfd
Event: 22.067 Thread 0x0000000021d95000 Exception <a 'java/lang/NoSuchMethodError': java.lang.Object.lambda$happensBecause$0(Ljava/lang/String;)Ljava/lang/String;> (0x0000000783ad9bc8) thrown at [C:\ade\jenkins\workspace\8-2-build-windows-amd64-cygwin\jdk8u241\331\hotspot\src\share\vm\interpret
Event: 22.068 Thread 0x0000000021d95000 Exception <a 'java/lang/NoSuchMethodError': java.lang.Object.lambda$addPossibleSolution$3(Ljava/lang/String;)Ljava/lang/String;> (0x0000000783adcf10) thrown at [C:\ade\jenkins\workspace\8-2-build-windows-amd64-cygwin\jdk8u241\331\hotspot\src\share\vm\inte

Events (10 events):
Event: 66.708 Thread 0x000000001a31b800 flushing nmethod 0x0000000003f4ddd0
Event: 67.790 Thread 0x000000001a31b800 flushing nmethod 0x00000000043b8ad0
Event: 73.021 Thread 0x0000000021d97800 DEOPT PACKING pc=0x00000000049299fd sp=0x000000002af5e870
Event: 73.021 Thread 0x0000000021d97800 DEOPT UNPACKING pc=0x00000000031d7890 sp=0x000000002af5e5a8 mode 0
Event: 73.092 Thread 0x0000000021d97800 Uncommon trap: trap_request=0xffffff65 fr.pc=0x00000000042a00fc
Event: 73.092 Thread 0x0000000021d97800 DEOPT PACKING pc=0x00000000042a00fc sp=0x000000002af5da80
Event: 73.092 Thread 0x0000000021d97800 DEOPT UNPACKING pc=0x00000000031d583b sp=0x000000002af5d8e0 mode 2
Event: 73.093 Thread 0x0000000021d97800 Uncommon trap: trap_request=0xffffff65 fr.pc=0x0000000004106b1c
Event: 73.093 Thread 0x0000000021d97800 DEOPT PACKING pc=0x0000000004106b1c sp=0x000000002af5da30
Event: 73.093 Thread 0x0000000021d97800 DEOPT UNPACKING pc=0x00000000031d583b sp=0x000000002af5d8c8 mode 2


Dynamic libraries:
0x00007ff72e400000 - 0x00007ff72e437000 	C:\Program Files\Java\jdk1.8.0_241\bin\java.exe
0x00007ffbb7a60000 - 0x00007ffbb7c63000 	C:\WINDOWS\SYSTEM32\ntdll.dll
0x00007ffbb6e10000 - 0x00007ffbb6ecd000 	C:\WINDOWS\System32\KERNEL32.DLL
0x00007ffbb53a0000 - 0x00007ffbb5713000 	C:\WINDOWS\System32\KERNELBASE.dll
0x00007ffbb25e0000 - 0x00007ffbb2672000 	C:\WINDOWS\SYSTEM32\apphelp.dll
0x00007ffbb70c0000 - 0x00007ffbb716c000 	C:\WINDOWS\System32\ADVAPI32.dll
0x00007ffbb6d60000 - 0x00007ffbb6e03000 	C:\WINDOWS\System32\msvcrt.dll
0x00007ffbb7330000 - 0x00007ffbb73cd000 	C:\WINDOWS\System32\sechost.dll
0x00007ffbb6b70000 - 0x00007ffbb6c92000 	C:\WINDOWS\System32\RPCRT4.dll
0x00007ffbb7170000 - 0x00007ffbb731f000 	C:\WINDOWS\System32\USER32.dll
0x00007ffbb5030000 - 0x00007ffbb5056000 	C:\WINDOWS\System32\win32u.dll
0x00007ffbb79f0000 - 0x00007ffbb7a19000 	C:\WINDOWS\System32\GDI32.dll
0x00007ffbb5720000 - 0x00007ffbb5830000 	C:\WINDOWS\System32\gdi32full.dll
0x00007ffbb5830000 - 0x00007ffbb58cd000 	C:\WINDOWS\System32\msvcp_win.dll
0x00007ffbb5290000 - 0x00007ffbb53a0000 	C:\WINDOWS\System32\ucrtbase.dll
0x00007ffb9b2b0000 - 0x00007ffb9b555000 	C:\WINDOWS\WinSxS\amd64_microsoft.windows.common-controls_6595b64144ccf1df_6.0.21370.1_none_71fe362989dc72c4\COMCTL32.dll
0x00007ffbb59c0000 - 0x00007ffbb59f1000 	C:\WINDOWS\System32\IMM32.DLL
0x0000000063280000 - 0x0000000063352000 	C:\Program Files\Java\jdk1.8.0_241\jre\bin\msvcr100.dll
0x00000000629d0000 - 0x000000006327c000 	C:\Program Files\Java\jdk1.8.0_241\jre\bin\server\jvm.dll
0x00007ffbb7840000 - 0x00007ffbb7848000 	C:\WINDOWS\System32\PSAPI.DLL
0x00007ffbaf8a0000 - 0x00007ffbaf8d0000 	C:\WINDOWS\SYSTEM32\WINMM.dll
0x00007ffbaf5a0000 - 0x00007ffbaf5aa000 	C:\WINDOWS\SYSTEM32\VERSION.dll
0x00007ffb8c260000 - 0x00007ffb8c269000 	C:\WINDOWS\SYSTEM32\WSOCK32.dll
0x00007ffbb7580000 - 0x00007ffbb75ef000 	C:\WINDOWS\System32\WS2_32.dll
0x00007ffb85220000 - 0x00007ffb8522f000 	C:\Program Files\Java\jdk1.8.0_241\jre\bin\verify.dll
0x00007ffb74b70000 - 0x00007ffb74b99000 	C:\Program Files\Java\jdk1.8.0_241\jre\bin\java.dll
0x00007ffb74b50000 - 0x00007ffb74b66000 	C:\Program Files\Java\jdk1.8.0_241\jre\bin\zip.dll
0x00007ffbb6090000 - 0x00007ffbb67e5000 	C:\WINDOWS\System32\SHELL32.dll
0x00007ffbb3180000 - 0x00007ffbb39de000 	C:\WINDOWS\SYSTEM32\windows.storage.dll
0x00007ffbb67f0000 - 0x00007ffbb6b64000 	C:\WINDOWS\System32\combase.dll
0x00007ffbb3010000 - 0x00007ffbb3177000 	C:\WINDOWS\SYSTEM32\wintypes.dll
0x00007ffbb73d0000 - 0x00007ffbb74bb000 	C:\WINDOWS\System32\SHCORE.dll
0x00007ffbb7520000 - 0x00007ffbb757e000 	C:\WINDOWS\System32\shlwapi.dll
0x00007ffbb4f60000 - 0x00007ffbb4f81000 	C:\WINDOWS\SYSTEM32\profapi.dll
0x00007ffb72190000 - 0x00007ffb721aa000 	C:\Program Files\Java\jdk1.8.0_241\jre\bin\net.dll
0x00007ffbb4620000 - 0x00007ffbb4687000 	C:\WINDOWS\system32\mswsock.dll
0x00007ffb49f20000 - 0x00007ffb49f32000 	C:\Program Files\Java\jdk1.8.0_241\jre\bin\nio.dll
0x00007ffb80540000 - 0x00007ffb80567000 	C:\Users\farka\.gradle\native\8bec1ad78214c89d9ad589b4d07fe93259594b29d510b10fafb7a158f7737e5d\windows-amd64\native-platform.dll
0x00007ffb42520000 - 0x00007ffb4265d000 	C:\Users\farka\.gradle\native\f152e854726e39df286aaa177b3f140d233d02db1042cffab86d50f0d3defff1\windows-amd64\native-platform-file-events.dll
0x00007ffb787d0000 - 0x00007ffb787dd000 	C:\Program Files\Java\jdk1.8.0_241\jre\bin\management.dll
0x00007ffbb4880000 - 0x00007ffbb4898000 	C:\WINDOWS\SYSTEM32\CRYPTSP.dll
0x00007ffbb4170000 - 0x00007ffbb41a5000 	C:\WINDOWS\system32\rsaenh.dll
0x00007ffbb46f0000 - 0x00007ffbb4718000 	C:\WINDOWS\SYSTEM32\USERENV.dll
0x00007ffbb4a20000 - 0x00007ffbb4a47000 	C:\WINDOWS\SYSTEM32\bcrypt.dll
0x00007ffbb58d0000 - 0x00007ffbb5950000 	C:\WINDOWS\System32\bcryptprimitives.dll
0x00007ffbb48a0000 - 0x00007ffbb48ac000 	C:\WINDOWS\SYSTEM32\CRYPTBASE.dll
0x00007ffbb3ca0000 - 0x00007ffbb3ccd000 	C:\WINDOWS\SYSTEM32\IPHLPAPI.DLL
0x00007ffbb6ca0000 - 0x00007ffbb6ca9000 	C:\WINDOWS\System32\NSI.dll
0x00007ffbaf580000 - 0x00007ffbaf599000 	C:\WINDOWS\SYSTEM32\dhcpcsvc6.DLL
0x00007ffbaf6d0000 - 0x00007ffbaf6ee000 	C:\WINDOWS\SYSTEM32\dhcpcsvc.DLL
0x00007ffbb3ce0000 - 0x00007ffbb3dc5000 	C:\WINDOWS\SYSTEM32\DNSAPI.dll
0x00007ffb41470000 - 0x00007ffb41494000 	C:\Program Files\Java\jdk1.8.0_241\jre\bin\sunec.dll
0x00007ffb74b00000 - 0x00007ffb74b0b000 	C:\Program Files\Java\jdk1.8.0_241\jre\bin\sunmscapi.dll
0x00007ffbb5060000 - 0x00007ffbb51c5000 	C:\WINDOWS\System32\CRYPT32.dll
0x00007ffb9d990000 - 0x00007ffb9d99a000 	C:\Windows\System32\rasadhlp.dll
0x00007ffbad9c0000 - 0x00007ffbada41000 	C:\WINDOWS\System32\fwpuclnt.dll

VM Arguments:
jvm_args: -Xmx3G -Dfile.encoding=windows-1250 -Duser.country=HU -Duser.language=hu -Duser.variant 
java_command: org.gradle.launcher.daemon.bootstrap.GradleDaemon 7.2-20210702220150+0000
java_class_path (initial): C:\Users\farka\.gradle\wrapper\dists\gradle-7.2-20210702220150+0000-bin\894csjfasb6yfoc5wyf6q6zb2\gradle-7.2-20210702220150+0000\lib\gradle-launcher-7.2.jar
Launcher Type: SUN_STANDARD

Environment Variables:
CLASSPATH=D:\azstaloska\SecurityAge\\gradle\wrapper\gradle-wrapper.jar
USERNAME=farka
OS=Windows_NT
PROCESSOR_IDENTIFIER=Intel64 Family 6 Model 94 Stepping 3, GenuineIntel



---------------  S Y S T E M  ---------------

OS: Windows 10.0 , 64 bit Build 21370 (10.0.21370.1)

CPU:total 4 (initial active 4) (4 cores per cpu, 1 threads per core) family 6 model 94 stepping 3, cmov, cx8, fxsr, mmx, sse, sse2, sse3, ssse3, sse4.1, sse4.2, popcnt, avx, avx2, aes, clmul, erms, rtm, 3dnowpref, lzcnt, tsc, tscinvbit, bmi1, bmi2, adx

Memory: 4k page, physical 33493444k(13485360k free), swap 38144460k(3124k free)

vm_info: Java HotSpot(TM) 64-Bit Server VM (25.241-b07) for windows-amd64 JRE (1.8.0_241-b07), built on Dec 11 2019 10:21:40 by "rejava" with MS VC++ 10.0 (VS2010)

time: Thu Aug 26 19:16:53 2021
timezone: Közép-európai nyári idõ 
elapsed time: 73 seconds (0d 0h 1m 13s)

